<?xml version="1.0" encoding="UTF-8"?><testsuite errors="0" failures="0" name="io.swagger.petstore.petcurdtest.UserCURDTest" skipped="0" tests="4" time="3.09" timestamp="2023-01-03T20:56:44.725Z[Europe/London]"><testcase classname="io.swagger.petstore.petcurdtest.UserCURDTest" name="This method will create a new user record"/><testcase classname="io.swagger.petstore.petcurdtest.UserCURDTest" name="This method will get and verify existing user record"/><testcase classname="io.swagger.petstore.petcurdtest.UserCURDTest" name="This method will update and verify an existing user record"/><testcase classname="io.swagger.petstore.petcurdtest.UserCURDTest" name="This method will delete and verify an existing user record"/></testsuite>